[1.026s] Invoking command in '/home/klyx/git/p4/software_and_automation_frameworks_p4/mini_ws/src/tcp_server_xml': PYTHONPATH=/home/klyx/git/p4/software_and_automation_frameworks_p4/mini_ws/build/tcp_server_xml/prefix_override:/home/klyx/git/p4/software_and_automation_frameworks_p4/mini_ws/install/tcp_server_xml/lib/python3.10/site-packages:${PYTHONPATH} /usr/bin/python3 setup.py egg_info --egg-base ../../build/tcp_server_xml build --build-base /home/klyx/git/p4/software_and_automation_frameworks_p4/mini_ws/build/tcp_server_xml/build install --record /home/klyx/git/p4/software_and_automation_frameworks_p4/mini_ws/build/tcp_server_xml/install.log --single-version-externally-managed
[1.392s] running egg_info
[1.393s] writing ../../build/tcp_server_xml/tcp_server_xml.egg-info/PKG-INFO
[1.393s] writing dependency_links to ../../build/tcp_server_xml/tcp_server_xml.egg-info/dependency_links.txt
[1.393s] writing entry points to ../../build/tcp_server_xml/tcp_server_xml.egg-info/entry_points.txt
[1.393s] writing requirements to ../../build/tcp_server_xml/tcp_server_xml.egg-info/requires.txt
[1.393s] writing top-level names to ../../build/tcp_server_xml/tcp_server_xml.egg-info/top_level.txt
[1.395s] reading manifest file '../../build/tcp_server_xml/tcp_server_xml.egg-info/SOURCES.txt'
[1.396s] writing manifest file '../../build/tcp_server_xml/tcp_server_xml.egg-info/SOURCES.txt'
[1.396s] running build
[1.397s] running build_py
[1.397s] copying tcp_server_xml/server_node.py -> /home/klyx/git/p4/software_and_automation_frameworks_p4/mini_ws/build/tcp_server_xml/build/lib/tcp_server_xml
[1.397s] running install
[1.397s] /home/klyx/.local/lib/python3.10/site-packages/setuptools/command/install.py:34: SetuptoolsDeprecationWarning: setup.py install is deprecated. Use build and pip and other standards-based tools.
[1.397s]   warnings.warn(
[1.398s] running install_lib
[1.398s] copying /home/klyx/git/p4/software_and_automation_frameworks_p4/mini_ws/build/tcp_server_xml/build/lib/tcp_server_xml/server_node.py -> /home/klyx/git/p4/software_and_automation_frameworks_p4/mini_ws/install/tcp_server_xml/lib/python3.10/site-packages/tcp_server_xml
[1.398s] byte-compiling /home/klyx/git/p4/software_and_automation_frameworks_p4/mini_ws/install/tcp_server_xml/lib/python3.10/site-packages/tcp_server_xml/server_node.py to server_node.cpython-310.pyc
[1.399s] running install_data
[1.400s] running install_egg_info
[1.401s] removing '/home/klyx/git/p4/software_and_automation_frameworks_p4/mini_ws/install/tcp_server_xml/lib/python3.10/site-packages/tcp_server_xml-0.0.0-py3.10.egg-info' (and everything under it)
[1.402s] Copying ../../build/tcp_server_xml/tcp_server_xml.egg-info to /home/klyx/git/p4/software_and_automation_frameworks_p4/mini_ws/install/tcp_server_xml/lib/python3.10/site-packages/tcp_server_xml-0.0.0-py3.10.egg-info
[1.403s] running install_scripts
[1.424s] Installing server_node script to /home/klyx/git/p4/software_and_automation_frameworks_p4/mini_ws/install/tcp_server_xml/lib/tcp_server_xml
[1.424s] writing list of installed files to '/home/klyx/git/p4/software_and_automation_frameworks_p4/mini_ws/build/tcp_server_xml/install.log'
[1.464s] Invoked command in '/home/klyx/git/p4/software_and_automation_frameworks_p4/mini_ws/src/tcp_server_xml' returned '0': PYTHONPATH=/home/klyx/git/p4/software_and_automation_frameworks_p4/mini_ws/build/tcp_server_xml/prefix_override:/home/klyx/git/p4/software_and_automation_frameworks_p4/mini_ws/install/tcp_server_xml/lib/python3.10/site-packages:${PYTHONPATH} /usr/bin/python3 setup.py egg_info --egg-base ../../build/tcp_server_xml build --build-base /home/klyx/git/p4/software_and_automation_frameworks_p4/mini_ws/build/tcp_server_xml/build install --record /home/klyx/git/p4/software_and_automation_frameworks_p4/mini_ws/build/tcp_server_xml/install.log --single-version-externally-managed
