running egg_info
creating ../../build/tcp_server_xml/tcp_server_xml.egg-info
writing ../../build/tcp_server_xml/tcp_server_xml.egg-info/PKG-INFO
writing dependency_links to ../../build/tcp_server_xml/tcp_server_xml.egg-info/dependency_links.txt
writing entry points to ../../build/tcp_server_xml/tcp_server_xml.egg-info/entry_points.txt
writing requirements to ../../build/tcp_server_xml/tcp_server_xml.egg-info/requires.txt
writing top-level names to ../../build/tcp_server_xml/tcp_server_xml.egg-info/top_level.txt
writing manifest file '../../build/tcp_server_xml/tcp_server_xml.egg-info/SOURCES.txt'
reading manifest file '../../build/tcp_server_xml/tcp_server_xml.egg-info/SOURCES.txt'
writing manifest file '../../build/tcp_server_xml/tcp_server_xml.egg-info/SOURCES.txt'
running build
running build_py
creating /home/klyx/git/p4/software_and_automation_frameworks_p4/mini_ws/build/tcp_server_xml/build
creating /home/klyx/git/p4/software_and_automation_frameworks_p4/mini_ws/build/tcp_server_xml/build/lib
creating /home/klyx/git/p4/software_and_automation_frameworks_p4/mini_ws/build/tcp_server_xml/build/lib/tcp_server_xml
copying tcp_server_xml/__init__.py -> /home/klyx/git/p4/software_and_automation_frameworks_p4/mini_ws/build/tcp_server_xml/build/lib/tcp_server_xml
copying tcp_server_xml/server_node.py -> /home/klyx/git/p4/software_and_automation_frameworks_p4/mini_ws/build/tcp_server_xml/build/lib/tcp_server_xml
running install
running install_lib
creating /home/klyx/git/p4/software_and_automation_frameworks_p4/mini_ws/install/tcp_server_xml/lib/python3.10/site-packages/tcp_server_xml
copying /home/klyx/git/p4/software_and_automation_frameworks_p4/mini_ws/build/tcp_server_xml/build/lib/tcp_server_xml/__init__.py -> /home/klyx/git/p4/software_and_automation_frameworks_p4/mini_ws/install/tcp_server_xml/lib/python3.10/site-packages/tcp_server_xml
copying /home/klyx/git/p4/software_and_automation_frameworks_p4/mini_ws/build/tcp_server_xml/build/lib/tcp_server_xml/server_node.py -> /home/klyx/git/p4/software_and_automation_frameworks_p4/mini_ws/install/tcp_server_xml/lib/python3.10/site-packages/tcp_server_xml
byte-compiling /home/klyx/git/p4/software_and_automation_frameworks_p4/mini_ws/install/tcp_server_xml/lib/python3.10/site-packages/tcp_server_xml/__init__.py to __init__.cpython-310.pyc
byte-compiling /home/klyx/git/p4/software_and_automation_frameworks_p4/mini_ws/install/tcp_server_xml/lib/python3.10/site-packages/tcp_server_xml/server_node.py to server_node.cpython-310.pyc
running install_data
creating /home/klyx/git/p4/software_and_automation_frameworks_p4/mini_ws/install/tcp_server_xml/share/ament_index
creating /home/klyx/git/p4/software_and_automation_frameworks_p4/mini_ws/install/tcp_server_xml/share/ament_index/resource_index
creating /home/klyx/git/p4/software_and_automation_frameworks_p4/mini_ws/install/tcp_server_xml/share/ament_index/resource_index/packages
copying resource/tcp_server_xml -> /home/klyx/git/p4/software_and_automation_frameworks_p4/mini_ws/install/tcp_server_xml/share/ament_index/resource_index/packages
copying package.xml -> /home/klyx/git/p4/software_and_automation_frameworks_p4/mini_ws/install/tcp_server_xml/share/tcp_server_xml
running install_egg_info
Copying ../../build/tcp_server_xml/tcp_server_xml.egg-info to /home/klyx/git/p4/software_and_automation_frameworks_p4/mini_ws/install/tcp_server_xml/lib/python3.10/site-packages/tcp_server_xml-0.0.0-py3.10.egg-info
running install_scripts
Installing server_node script to /home/klyx/git/p4/software_and_automation_frameworks_p4/mini_ws/install/tcp_server_xml/lib/tcp_server_xml
writing list of installed files to '/home/klyx/git/p4/software_and_automation_frameworks_p4/mini_ws/build/tcp_server_xml/install.log'
