Traceback (most recent call last):
  File "/home/klyx/git/p4/software_and_automation_frameworks_p4/mini_ws/src/tcp_server_xml/setup.py", line 1, in <module>
    from setuptools import setup
  File "/home/klyx/.local/lib/python3.10/site-packages/setuptools/__init__.py", line 16, in <module>
    import setuptools.version
  File "/home/klyx/.local/lib/python3.10/site-packages/setuptools/version.py", line 1, in <module>
    import pkg_resources
  File "/home/klyx/.local/lib/python3.10/site-packages/pkg_resources/__init__.py", line 78, in <module>
    __import__('pkg_resources.extern.packaging.requirements')
  File "/home/klyx/.local/lib/python3.10/site-packages/pkg_resources/_vendor/packaging/requirements.py", line 10, in <module>
    from pkg_resources.extern.pyparsing import (  # noqa
  File "<frozen importlib._bootstrap>", line 1027, in _find_and_load
  File "<frozen importlib._bootstrap>", line 1006, in _find_and_load_unlocked
  File "<frozen importlib._bootstrap>", line 674, in _load_unlocked
  File "<frozen importlib._bootstrap>", line 571, in module_from_spec
  File "/home/klyx/.local/lib/python3.10/site-packages/pkg_resources/extern/__init__.py", line 52, in create_module
    return self.load_module(spec.name)
  File "/home/klyx/.local/lib/python3.10/site-packages/pkg_resources/extern/__init__.py", line 37, in load_module
    __import__(extant)
  File "/home/klyx/.local/lib/python3.10/site-packages/pkg_resources/_vendor/pyparsing.py", line 5399, in <module>
    class pyparsing_common:
  File "/home/klyx/.local/lib/python3.10/site-packages/pkg_resources/_vendor/pyparsing.py", line 5586, in pyparsing_common
    ipv6_address = Combine((_full_ipv6_address | _mixed_ipv6_address | _short_ipv6_address).setName("IPv6 address")).setName("IPv6 address")
  File "/home/klyx/.local/lib/python3.10/site-packages/pkg_resources/_vendor/pyparsing.py", line 4255, in __init__
    self.leaveWhitespace()
  File "/home/klyx/.local/lib/python3.10/site-packages/pkg_resources/_vendor/pyparsing.py", line 3745, in leaveWhitespace
    self.expr = self.expr.copy()
  File "/home/klyx/.local/lib/python3.10/site-packages/pkg_resources/_vendor/pyparsing.py", line 3365, in copy
    ret.exprs = [e.copy() for e in self.exprs]
  File "/home/klyx/.local/lib/python3.10/site-packages/pkg_resources/_vendor/pyparsing.py", line 3365, in <listcomp>
    ret.exprs = [e.copy() for e in self.exprs]
  File "/home/klyx/.local/lib/python3.10/site-packages/pkg_resources/_vendor/pyparsing.py", line 3365, in copy
    ret.exprs = [e.copy() for e in self.exprs]
  File "/home/klyx/.local/lib/python3.10/site-packages/pkg_resources/_vendor/pyparsing.py", line 3365, in <listcomp>
    ret.exprs = [e.copy() for e in self.exprs]
  File "/home/klyx/.local/lib/python3.10/site-packages/pkg_resources/_vendor/pyparsing.py", line 3365, in copy
    ret.exprs = [e.copy() for e in self.exprs]
  File "/home/klyx/.local/lib/python3.10/site-packages/pkg_resources/_vendor/pyparsing.py", line 3365, in <listcomp>
    ret.exprs = [e.copy() for e in self.exprs]
  File "/home/klyx/.local/lib/python3.10/site-packages/pkg_resources/_vendor/pyparsing.py", line 3365, in copy
    ret.exprs = [e.copy() for e in self.exprs]
  File "/home/klyx/.local/lib/python3.10/site-packages/pkg_resources/_vendor/pyparsing.py", line 3365, in <listcomp>
    ret.exprs = [e.copy() for e in self.exprs]
  File "/home/klyx/.local/lib/python3.10/site-packages/pkg_resources/_vendor/pyparsing.py", line 3365, in copy
    ret.exprs = [e.copy() for e in self.exprs]
  File "/home/klyx/.local/lib/python3.10/site-packages/pkg_resources/_vendor/pyparsing.py", line 3365, in <listcomp>
    ret.exprs = [e.copy() for e in self.exprs]
  File "/home/klyx/.local/lib/python3.10/site-packages/pkg_resources/_vendor/pyparsing.py", line 1183, in copy
    cpy = copy.copy( self )
  File "/usr/lib/python3.10/copy.py", line 102, in copy
    return _reconstruct(x, None, *rv)
  File "/usr/lib/python3.10/copy.py", line 280, in _reconstruct
    y.__dict__.update(state)
KeyboardInterrupt
