[1.007s] Invoking command in '/home/klyx/git/p4/software_and_automation_frameworks_p4/mini_ws/src/tcp_server_xml': PYTHONPATH=/home/klyx/git/p4/software_and_automation_frameworks_p4/mini_ws/build/tcp_server_xml/prefix_override:/home/klyx/git/p4/software_and_automation_frameworks_p4/mini_ws/install/tcp_server_xml/lib/python3.10/site-packages:${PYTHONPATH} /usr/bin/python3 setup.py egg_info --egg-base ../../build/tcp_server_xml build --build-base /home/klyx/git/p4/software_and_automation_frameworks_p4/mini_ws/build/tcp_server_xml/build install --record /home/klyx/git/p4/software_and_automation_frameworks_p4/mini_ws/build/tcp_server_xml/install.log --single-version-externally-managed
[1.100s] Traceback (most recent call last):
[1.100s]   File "/home/klyx/git/p4/software_and_automation_frameworks_p4/mini_ws/src/tcp_server_xml/setup.py", line 1, in <module>
[1.100s]     from setuptools import setup
[1.100s]   File "/home/klyx/.local/lib/python3.10/site-packages/setuptools/__init__.py", line 16, in <module>
[1.100s]     import setuptools.version
[1.100s]   File "/home/klyx/.local/lib/python3.10/site-packages/setuptools/version.py", line 1, in <module>
[1.100s]     import pkg_resources
[1.100s]   File "/home/klyx/.local/lib/python3.10/site-packages/pkg_resources/__init__.py", line 78, in <module>
[1.100s]     __import__('pkg_resources.extern.packaging.requirements')
[1.101s]   File "/home/klyx/.local/lib/python3.10/site-packages/pkg_resources/_vendor/packaging/requirements.py", line 10, in <module>
[1.101s]     from pkg_resources.extern.pyparsing import (  # noqa
[1.101s]   File "<frozen importlib._bootstrap>", line 1027, in _find_and_load
[1.101s]   File "<frozen importlib._bootstrap>", line 1006, in _find_and_load_unlocked
[1.101s]   File "<frozen importlib._bootstrap>", line 674, in _load_unlocked
[1.101s]   File "<frozen importlib._bootstrap>", line 571, in module_from_spec
[1.101s]   File "/home/klyx/.local/lib/python3.10/site-packages/pkg_resources/extern/__init__.py", line 52, in create_module
[1.102s]     return self.load_module(spec.name)
[1.102s]   File "/home/klyx/.local/lib/python3.10/site-packages/pkg_resources/extern/__init__.py", line 37, in load_module
[1.102s]     __import__(extant)
[1.102s]   File "/home/klyx/.local/lib/python3.10/site-packages/pkg_resources/_vendor/pyparsing.py", line 5399, in <module>
[1.102s]     class pyparsing_common:
[1.102s]   File "/home/klyx/.local/lib/python3.10/site-packages/pkg_resources/_vendor/pyparsing.py", line 5586, in pyparsing_common
[1.103s]     ipv6_address = Combine((_full_ipv6_address | _mixed_ipv6_address | _short_ipv6_address).setName("IPv6 address")).setName("IPv6 address")
[1.103s]   File "/home/klyx/.local/lib/python3.10/site-packages/pkg_resources/_vendor/pyparsing.py", line 4255, in __init__
[1.104s]     self.leaveWhitespace()
[1.104s]   File "/home/klyx/.local/lib/python3.10/site-packages/pkg_resources/_vendor/pyparsing.py", line 3745, in leaveWhitespace
[1.104s]     self.expr = self.expr.copy()
[1.104s]   File "/home/klyx/.local/lib/python3.10/site-packages/pkg_resources/_vendor/pyparsing.py", line 3365, in copy
[1.105s]     ret.exprs = [e.copy() for e in self.exprs]
[1.105s]   File "/home/klyx/.local/lib/python3.10/site-packages/pkg_resources/_vendor/pyparsing.py", line 3365, in <listcomp>
[1.105s]     ret.exprs = [e.copy() for e in self.exprs]
[1.105s]   File "/home/klyx/.local/lib/python3.10/site-packages/pkg_resources/_vendor/pyparsing.py", line 3365, in copy
[1.106s]     ret.exprs = [e.copy() for e in self.exprs]
[1.106s]   File "/home/klyx/.local/lib/python3.10/site-packages/pkg_resources/_vendor/pyparsing.py", line 3365, in <listcomp>
[1.106s]     ret.exprs = [e.copy() for e in self.exprs]
[1.106s]   File "/home/klyx/.local/lib/python3.10/site-packages/pkg_resources/_vendor/pyparsing.py", line 3365, in copy
[1.107s]     ret.exprs = [e.copy() for e in self.exprs]
[1.107s]   File "/home/klyx/.local/lib/python3.10/site-packages/pkg_resources/_vendor/pyparsing.py", line 3365, in <listcomp>
[1.107s]     ret.exprs = [e.copy() for e in self.exprs]
[1.107s]   File "/home/klyx/.local/lib/python3.10/site-packages/pkg_resources/_vendor/pyparsing.py", line 3365, in copy
[1.108s]     ret.exprs = [e.copy() for e in self.exprs]
[1.108s]   File "/home/klyx/.local/lib/python3.10/site-packages/pkg_resources/_vendor/pyparsing.py", line 3365, in <listcomp>
[1.108s]     ret.exprs = [e.copy() for e in self.exprs]
[1.108s]   File "/home/klyx/.local/lib/python3.10/site-packages/pkg_resources/_vendor/pyparsing.py", line 3365, in copy
[1.109s]     ret.exprs = [e.copy() for e in self.exprs]
[1.109s]   File "/home/klyx/.local/lib/python3.10/site-packages/pkg_resources/_vendor/pyparsing.py", line 3365, in <listcomp>
[1.109s]     ret.exprs = [e.copy() for e in self.exprs]
[1.109s]   File "/home/klyx/.local/lib/python3.10/site-packages/pkg_resources/_vendor/pyparsing.py", line 1183, in copy
[1.109s]     cpy = copy.copy( self )
[1.109s]   File "/usr/lib/python3.10/copy.py", line 102, in copy
[1.110s]     return _reconstruct(x, None, *rv)
[1.110s]   File "/usr/lib/python3.10/copy.py", line 280, in _reconstruct
[1.110s]     y.__dict__.update(state)
[1.110s] KeyboardInterrupt
[1.129s] Invoked command in '/home/klyx/git/p4/software_and_automation_frameworks_p4/mini_ws/src/tcp_server_xml' returned '-2': PYTHONPATH=/home/klyx/git/p4/software_and_automation_frameworks_p4/mini_ws/build/tcp_server_xml/prefix_override:/home/klyx/git/p4/software_and_automation_frameworks_p4/mini_ws/install/tcp_server_xml/lib/python3.10/site-packages:${PYTHONPATH} /usr/bin/python3 setup.py egg_info --egg-base ../../build/tcp_server_xml build --build-base /home/klyx/git/p4/software_and_automation_frameworks_p4/mini_ws/build/tcp_server_xml/build install --record /home/klyx/git/p4/software_and_automation_frameworks_p4/mini_ws/build/tcp_server_xml/install.log --single-version-externally-managed
